2020-04-28 10:08:09,686 [main] INFO  org.mule.module.launcher.application.DefaultMuleApplication - 
++++++++++++++++++++++++++++++++++++++++++++++++++++++++++++
+ Initializing app 'flights'                               +
++++++++++++++++++++++++++++++++++++++++++++++++++++++++++++
2020-04-28 10:08:09,700 [main] INFO  org.mule.lifecycle.AbstractLifecycleManager - Initialising RegistryBroker
2020-04-28 10:08:09,708 [main] INFO  org.mule.module.extension.internal.manager.DefaultExtensionManager - Starting discovery of extensions
2020-04-28 10:08:09,729 [main] INFO  org.mule.module.extension.internal.manager.DefaultExtensionManager - Discovered 1 extensions
2020-04-28 10:08:09,729 [main] INFO  org.mule.module.extension.internal.manager.DefaultExtensionManager - Registering extension validation (version 3.9)
2020-04-28 10:08:09,735 [main] INFO  org.mule.config.spring.MuleArtifactContext - Refreshing org.mule.config.spring.MuleArtifactContext@52b53172: startup date [Tue Apr 28 10:08:09 EDT 2020]; root of context hierarchy
2020-04-28 10:08:10,699 [main] INFO  org.mule.config.spring.processors.NoDevkitInjectorProcessor - JSR-330 'javax.inject.Inject' annotation found and supported for autowiring
2020-04-28 10:08:11,279 [main] INFO  org.mule.util.journal.TransactionJournal - Using files for tx logs C:\Users\evsanche\Documents\Evelyn\Courses\Mule3\Workspace\.mule\.\.mule\flights\queue-tx-log\tx1.log and C:\Users\evsanche\Documents\Evelyn\Courses\Mule3\Workspace\.mule\.\.mule\flights\queue-tx-log\tx2.log
2020-04-28 10:08:11,301 [main] INFO  org.mule.util.journal.TransactionJournal - Using files for tx logs C:\Users\evsanche\Documents\Evelyn\Courses\Mule3\Workspace\.mule\.\.mule\flights\queue-xa-tx-log\tx1.log and C:\Users\evsanche\Documents\Evelyn\Courses\Mule3\Workspace\.mule\.\.mule\flights\queue-xa-tx-log\tx2.log
2020-04-28 10:08:11,368 [main] INFO  org.mule.lifecycle.AbstractLifecycleManager - Initialising model: _muleSystemModel
2020-04-28 10:08:11,374 [main] INFO  org.mule.construct.FlowConstructLifecycleManager - Initialising flow: getUnitedFlightsFlow
2020-04-28 10:08:11,374 [main] INFO  org.mule.exception.DefaultMessagingExceptionStrategy - Initialising exception listener: org.mule.exception.DefaultMessagingExceptionStrategy@51a4472d
2020-04-28 10:08:11,407 [main] INFO  org.mule.processor.SedaStageLifecycleManager - Initialising service: getUnitedFlightsFlow.stage1
2020-04-28 10:08:11,511 [main] INFO  org.mule.api.security.tls.TlsProperties - Loading configuration file: tls-default.conf
2020-04-28 10:08:11,548 [main] INFO  org.mule.config.spring.SpringXmlConfigurationBuilder - Configured Mule using "org.mule.config.spring.SpringXmlConfigurationBuilder" with configuration resource(s): "[ConfigResource{resourceName='C:\Users\evsanche\Documents\Evelyn\Courses\Mule3\Workspace\.mule\apps\flights\global.xml'}, ConfigResource{resourceName='C:\Users\evsanche\Documents\Evelyn\Courses\Mule3\Workspace\.mule\apps\flights\implementation.xml'}]"
2020-04-28 10:08:11,553 [main] INFO  org.mule.config.builders.AutoConfigurationBuilder - Configured Mule using "org.mule.config.builders.AutoConfigurationBuilder" with configuration resource(s): "[ConfigResource{resourceName='C:\Users\evsanche\Documents\Evelyn\Courses\Mule3\Workspace\.mule\apps\flights\global.xml'}, ConfigResource{resourceName='C:\Users\evsanche\Documents\Evelyn\Courses\Mule3\Workspace\.mule\apps\flights\implementation.xml'}]"
2020-04-28 10:08:11,564 [main] INFO  org.mule.module.launcher.application.DefaultMuleApplication - 
++++++++++++++++++++++++++++++++++++++++++++++++++++++++++++
+ Starting app 'flights'                                   +
++++++++++++++++++++++++++++++++++++++++++++++++++++++++++++
2020-04-28 10:08:11,605 [main] INFO  org.mule.util.queue.QueueXaResourceManager - Starting ResourceManager
2020-04-28 10:08:11,605 [main] INFO  org.mule.util.queue.QueueXaResourceManager - Started ResourceManager
2020-04-28 10:08:11,714 [main] INFO  org.mule.module.http.internal.listener.DefaultHttpListenerConfig - Listening for requests on http://0.0.0.0:8081
2020-04-28 10:08:11,720 [main] INFO  org.mule.lifecycle.AbstractLifecycleManager - Starting model: _muleSystemModel
2020-04-28 10:08:11,722 [main] INFO  org.mule.construct.FlowConstructLifecycleManager - Starting flow: getUnitedFlightsFlow
2020-04-28 10:08:11,722 [main] INFO  org.mule.processor.SedaStageLifecycleManager - Starting service: getUnitedFlightsFlow.stage1
2020-04-28 10:08:11,843 [main] INFO  org.mule.module.management.agent.WrapperManagerAgent - This JVM hasn't been launched by the wrapper, the agent will not run.
2020-04-28 10:08:11,865 [main] INFO  org.mule.DefaultMuleContext - 
**********************************************************************
* Application: flights                                               *
* OS encoding: \, Mule encoding: UTF-8                               *
*                                                                    *
* Agents Running:                                                    *
*   Batch module default engine                                      *
*   JMX Agent                                                        *
*   Wrapper Manager                                                  *
**********************************************************************
2020-04-28 10:23:03,226 [main] INFO  org.mule.module.launcher.application.DefaultMuleApplication - 
++++++++++++++++++++++++++++++++++++++++++++++++++++++++++++
+ Initializing app 'flights'                               +
++++++++++++++++++++++++++++++++++++++++++++++++++++++++++++
2020-04-28 10:23:03,241 [main] INFO  org.mule.lifecycle.AbstractLifecycleManager - Initialising RegistryBroker
2020-04-28 10:23:03,251 [main] INFO  org.mule.module.extension.internal.manager.DefaultExtensionManager - Starting discovery of extensions
2020-04-28 10:23:03,298 [main] INFO  org.mule.module.extension.internal.manager.DefaultExtensionManager - Discovered 1 extensions
2020-04-28 10:23:03,298 [main] INFO  org.mule.module.extension.internal.manager.DefaultExtensionManager - Registering extension validation (version 3.9)
2020-04-28 10:23:03,316 [main] INFO  org.mule.config.spring.MuleArtifactContext - Refreshing org.mule.config.spring.MuleArtifactContext@52b53172: startup date [Tue Apr 28 10:23:03 EDT 2020]; root of context hierarchy
2020-04-28 10:23:04,501 [main] INFO  org.mule.config.spring.processors.NoDevkitInjectorProcessor - JSR-330 'javax.inject.Inject' annotation found and supported for autowiring
2020-04-28 10:23:04,873 [main] INFO  org.mule.util.journal.TransactionJournal - Using files for tx logs C:\Users\evsanche\Documents\Evelyn\Courses\Mule3\Workspace\.mule\.\.mule\flights\queue-tx-log\tx1.log and C:\Users\evsanche\Documents\Evelyn\Courses\Mule3\Workspace\.mule\.\.mule\flights\queue-tx-log\tx2.log
2020-04-28 10:23:04,884 [main] INFO  org.mule.util.journal.TransactionJournal - Using files for tx logs C:\Users\evsanche\Documents\Evelyn\Courses\Mule3\Workspace\.mule\.\.mule\flights\queue-xa-tx-log\tx1.log and C:\Users\evsanche\Documents\Evelyn\Courses\Mule3\Workspace\.mule\.\.mule\flights\queue-xa-tx-log\tx2.log
2020-04-28 10:23:04,924 [main] INFO  org.mule.lifecycle.AbstractLifecycleManager - Initialising model: _muleSystemModel
2020-04-28 10:23:04,926 [main] INFO  org.mule.construct.FlowConstructLifecycleManager - Initialising flow: getUnitedFlightsFlow
2020-04-28 10:23:04,926 [main] INFO  org.mule.exception.DefaultMessagingExceptionStrategy - Initialising exception listener: org.mule.exception.DefaultMessagingExceptionStrategy@51a4472d
2020-04-28 10:23:04,949 [main] INFO  org.mule.processor.SedaStageLifecycleManager - Initialising service: getUnitedFlightsFlow.stage1
2020-04-28 10:23:05,007 [main] INFO  org.mule.api.security.tls.TlsProperties - Loading configuration file: tls-default.conf
2020-04-28 10:23:05,019 [main] INFO  org.mule.config.spring.SpringXmlConfigurationBuilder - Configured Mule using "org.mule.config.spring.SpringXmlConfigurationBuilder" with configuration resource(s): "[ConfigResource{resourceName='C:\Users\evsanche\Documents\Evelyn\Courses\Mule3\Workspace\.mule\apps\flights\global.xml'}, ConfigResource{resourceName='C:\Users\evsanche\Documents\Evelyn\Courses\Mule3\Workspace\.mule\apps\flights\implementation.xml'}]"
2020-04-28 10:23:05,020 [main] INFO  org.mule.config.builders.AutoConfigurationBuilder - Configured Mule using "org.mule.config.builders.AutoConfigurationBuilder" with configuration resource(s): "[ConfigResource{resourceName='C:\Users\evsanche\Documents\Evelyn\Courses\Mule3\Workspace\.mule\apps\flights\global.xml'}, ConfigResource{resourceName='C:\Users\evsanche\Documents\Evelyn\Courses\Mule3\Workspace\.mule\apps\flights\implementation.xml'}]"
2020-04-28 10:23:05,023 [main] INFO  org.mule.module.launcher.application.DefaultMuleApplication - 
++++++++++++++++++++++++++++++++++++++++++++++++++++++++++++
+ Starting app 'flights'                                   +
++++++++++++++++++++++++++++++++++++++++++++++++++++++++++++
2020-04-28 10:23:05,054 [main] INFO  org.mule.util.queue.QueueXaResourceManager - Starting ResourceManager
2020-04-28 10:23:05,054 [main] INFO  org.mule.util.queue.QueueXaResourceManager - Started ResourceManager
2020-04-28 10:23:05,108 [main] INFO  org.mule.module.http.internal.listener.DefaultHttpListenerConfig - Listening for requests on http://0.0.0.0:8081
2020-04-28 10:23:05,117 [main] INFO  org.mule.lifecycle.AbstractLifecycleManager - Starting model: _muleSystemModel
2020-04-28 10:23:05,120 [main] INFO  org.mule.construct.FlowConstructLifecycleManager - Starting flow: getUnitedFlightsFlow
2020-04-28 10:23:05,120 [main] INFO  org.mule.processor.SedaStageLifecycleManager - Starting service: getUnitedFlightsFlow.stage1
2020-04-28 10:23:05,177 [main] INFO  org.mule.module.management.agent.WrapperManagerAgent - This JVM hasn't been launched by the wrapper, the agent will not run.
2020-04-28 10:23:05,188 [main] INFO  org.mule.DefaultMuleContext - 
**********************************************************************
* Application: flights                                               *
* OS encoding: \, Mule encoding: UTF-8                               *
*                                                                    *
* Agents Running:                                                    *
*   Batch module default engine                                      *
*   JMX Agent                                                        *
*   Wrapper Manager                                                  *
**********************************************************************
2020-04-28 11:35:43,122 [Mule.app.deployer.monitor.1.thread.1] INFO  org.mule.module.launcher.application.DefaultMuleApplication - 
++++++++++++++++++++++++++++++++++++++++++++++++++++++++++++
+ Stopping app 'flights'                                   +
++++++++++++++++++++++++++++++++++++++++++++++++++++++++++++
2020-04-28 11:35:43,178 [Mule.app.deployer.monitor.1.thread.1] INFO  org.mule.construct.FlowConstructLifecycleManager - Stopping flow: getUnitedFlightsFlow
2020-04-28 11:35:43,186 [Mule.app.deployer.monitor.1.thread.1] INFO  org.mule.processor.SedaStageLifecycleManager - Stopping service: getUnitedFlightsFlow.stage1
2020-04-28 11:35:43,304 [Mule.app.deployer.monitor.1.thread.1] INFO  org.mule.lifecycle.AbstractLifecycleManager - Stopping model: _muleSystemModel
2020-04-28 11:35:43,319 [Mule.app.deployer.monitor.1.thread.1] INFO  org.mule.module.http.internal.listener.DefaultHttpListenerConfig - Stopped listener on http://0.0.0.0:8081
2020-04-28 11:35:43,321 [Mule.app.deployer.monitor.1.thread.1] INFO  org.mule.util.queue.QueueXaResourceManager - Stopping ResourceManager
2020-04-28 11:35:43,322 [Mule.app.deployer.monitor.1.thread.1] INFO  org.mule.util.queue.QueueXaResourceManager - Stopped ResourceManager
2020-04-28 11:35:43,353 [Mule.app.deployer.monitor.1.thread.1] INFO  org.mule.module.launcher.application.DefaultMuleApplication - 
++++++++++++++++++++++++++++++++++++++++++++++++++++++++++++
+ Disposing app 'flights'                                  +
++++++++++++++++++++++++++++++++++++++++++++++++++++++++++++
2020-04-28 11:35:43,353 [Mule.app.deployer.monitor.1.thread.1] INFO  org.mule.lifecycle.AbstractLifecycleManager - Disposing RegistryBroker
2020-04-28 11:35:43,357 [Mule.app.deployer.monitor.1.thread.1] INFO  org.mule.construct.FlowConstructLifecycleManager - Disposing flow: getUnitedFlightsFlow
2020-04-28 11:35:43,357 [Mule.app.deployer.monitor.1.thread.1] INFO  org.mule.processor.SedaStageLifecycleManager - Disposing service: getUnitedFlightsFlow.stage1
2020-04-28 11:35:43,363 [Mule.app.deployer.monitor.1.thread.1] INFO  org.mule.lifecycle.AbstractLifecycleManager - Disposing model: _muleSystemModel
2020-04-28 11:35:43,462 [Mule.app.deployer.monitor.1.thread.1] INFO  org.mule.config.spring.MuleArtifactContext - Closing org.mule.config.spring.MuleArtifactContext@52b53172: startup date [Tue Apr 28 10:23:03 EDT 2020]; root of context hierarchy
2020-04-28 11:35:43,478 [Mule.app.deployer.monitor.1.thread.1] INFO  org.mule.DefaultMuleContext - 
**********************************************************************
* Application "flights" shut down normally on: 4/28/20 11:35 AM      *
* Up for: 0 days, 1 hours, 12 mins, 38.450 sec                       *
**********************************************************************
2020-04-28 11:35:43,815 [Mule.app.deployer.monitor.1.thread.1] INFO  org.mule.module.launcher.application.DefaultMuleApplication - 
++++++++++++++++++++++++++++++++++++++++++++++++++++++++++++
+ Initializing app 'flights'                               +
++++++++++++++++++++++++++++++++++++++++++++++++++++++++++++
2020-04-28 11:35:43,851 [Mule.app.deployer.monitor.1.thread.1] INFO  org.mule.lifecycle.AbstractLifecycleManager - Initialising RegistryBroker
2020-04-28 11:35:43,868 [Mule.app.deployer.monitor.1.thread.1] INFO  org.mule.module.extension.internal.manager.DefaultExtensionManager - Starting discovery of extensions
2020-04-28 11:35:43,922 [Mule.app.deployer.monitor.1.thread.1] INFO  org.mule.module.extension.internal.manager.DefaultExtensionManager - Discovered 1 extensions
2020-04-28 11:35:43,923 [Mule.app.deployer.monitor.1.thread.1] INFO  org.mule.module.extension.internal.manager.DefaultExtensionManager - Registering extension validation (version 3.9)
2020-04-28 11:35:43,946 [Mule.app.deployer.monitor.1.thread.1] INFO  org.mule.config.spring.MuleArtifactContext - Refreshing org.mule.config.spring.MuleArtifactContext@73617765: startup date [Tue Apr 28 11:35:43 EDT 2020]; root of context hierarchy
2020-04-28 11:35:45,534 [Mule.app.deployer.monitor.1.thread.1] INFO  org.mule.config.spring.processors.NoDevkitInjectorProcessor - JSR-330 'javax.inject.Inject' annotation found and supported for autowiring
2020-04-28 11:35:45,846 [Mule.app.deployer.monitor.1.thread.1] INFO  org.mule.util.journal.TransactionJournal - Using files for tx logs C:\Users\evsanche\Documents\Evelyn\Courses\Mule3\Workspace\.mule\.\.mule\flights\queue-tx-log\tx1.log and C:\Users\evsanche\Documents\Evelyn\Courses\Mule3\Workspace\.mule\.\.mule\flights\queue-tx-log\tx2.log
2020-04-28 11:35:45,861 [Mule.app.deployer.monitor.1.thread.1] INFO  org.mule.util.journal.TransactionJournal - Using files for tx logs C:\Users\evsanche\Documents\Evelyn\Courses\Mule3\Workspace\.mule\.\.mule\flights\queue-xa-tx-log\tx1.log and C:\Users\evsanche\Documents\Evelyn\Courses\Mule3\Workspace\.mule\.\.mule\flights\queue-xa-tx-log\tx2.log
2020-04-28 11:35:45,884 [Mule.app.deployer.monitor.1.thread.1] INFO  org.mule.lifecycle.AbstractLifecycleManager - Initialising model: _muleSystemModel
2020-04-28 11:35:45,887 [Mule.app.deployer.monitor.1.thread.1] INFO  org.mule.construct.FlowConstructLifecycleManager - Initialising flow: getUnitedFlightsFlow
2020-04-28 11:35:45,887 [Mule.app.deployer.monitor.1.thread.1] INFO  org.mule.exception.DefaultMessagingExceptionStrategy - Initialising exception listener: org.mule.exception.DefaultMessagingExceptionStrategy@3bfdd843
2020-04-28 11:35:45,908 [Mule.app.deployer.monitor.1.thread.1] INFO  org.mule.processor.SedaStageLifecycleManager - Initialising service: getUnitedFlightsFlow.stage1
2020-04-28 11:35:45,984 [Mule.app.deployer.monitor.1.thread.1] INFO  org.mule.api.security.tls.TlsProperties - Loading configuration file: tls-default.conf
2020-04-28 11:35:46,017 [Mule.app.deployer.monitor.1.thread.1] INFO  org.mule.config.spring.SpringXmlConfigurationBuilder - Configured Mule using "org.mule.config.spring.SpringXmlConfigurationBuilder" with configuration resource(s): "[ConfigResource{resourceName='C:\Users\evsanche\Documents\Evelyn\Courses\Mule3\Workspace\.mule\apps\flights\global.xml'}, ConfigResource{resourceName='C:\Users\evsanche\Documents\Evelyn\Courses\Mule3\Workspace\.mule\apps\flights\implementation.xml'}]"
2020-04-28 11:35:46,017 [Mule.app.deployer.monitor.1.thread.1] INFO  org.mule.config.builders.AutoConfigurationBuilder - Configured Mule using "org.mule.config.builders.AutoConfigurationBuilder" with configuration resource(s): "[ConfigResource{resourceName='C:\Users\evsanche\Documents\Evelyn\Courses\Mule3\Workspace\.mule\apps\flights\global.xml'}, ConfigResource{resourceName='C:\Users\evsanche\Documents\Evelyn\Courses\Mule3\Workspace\.mule\apps\flights\implementation.xml'}]"
2020-04-28 11:35:46,024 [Mule.app.deployer.monitor.1.thread.1] INFO  org.mule.module.launcher.application.DefaultMuleApplication - 
++++++++++++++++++++++++++++++++++++++++++++++++++++++++++++
+ Starting app 'flights'                                   +
++++++++++++++++++++++++++++++++++++++++++++++++++++++++++++
2020-04-28 11:35:46,052 [Mule.app.deployer.monitor.1.thread.1] INFO  org.mule.util.queue.QueueXaResourceManager - Starting ResourceManager
2020-04-28 11:35:46,052 [Mule.app.deployer.monitor.1.thread.1] INFO  org.mule.util.queue.QueueXaResourceManager - Started ResourceManager
2020-04-28 11:35:46,126 [Mule.app.deployer.monitor.1.thread.1] INFO  org.mule.module.http.internal.listener.DefaultHttpListenerConfig - Listening for requests on http://0.0.0.0:8081
2020-04-28 11:35:46,134 [Mule.app.deployer.monitor.1.thread.1] INFO  org.mule.lifecycle.AbstractLifecycleManager - Starting model: _muleSystemModel
2020-04-28 11:35:46,137 [Mule.app.deployer.monitor.1.thread.1] INFO  org.mule.construct.FlowConstructLifecycleManager - Starting flow: getUnitedFlightsFlow
2020-04-28 11:35:46,137 [Mule.app.deployer.monitor.1.thread.1] INFO  org.mule.processor.SedaStageLifecycleManager - Starting service: getUnitedFlightsFlow.stage1
2020-04-28 11:35:46,215 [Mule.app.deployer.monitor.1.thread.1] INFO  org.mule.module.management.agent.WrapperManagerAgent - This JVM hasn't been launched by the wrapper, the agent will not run.
2020-04-28 11:35:46,225 [Mule.app.deployer.monitor.1.thread.1] INFO  org.mule.DefaultMuleContext - 
**********************************************************************
* Application: flights                                               *
* OS encoding: \, Mule encoding: UTF-8                               *
*                                                                    *
* Agents Running:                                                    *
*   Batch module default engine                                      *
*   JMX Agent                                                        *
*   Wrapper Manager                                                  *
**********************************************************************
2020-04-28 11:42:16,246 [main] INFO  org.mule.module.launcher.application.DefaultMuleApplication - 
++++++++++++++++++++++++++++++++++++++++++++++++++++++++++++
+ Initializing app 'flights'                               +
++++++++++++++++++++++++++++++++++++++++++++++++++++++++++++
2020-04-28 11:42:16,268 [main] INFO  org.mule.lifecycle.AbstractLifecycleManager - Initialising RegistryBroker
2020-04-28 11:42:16,278 [main] INFO  org.mule.module.extension.internal.manager.DefaultExtensionManager - Starting discovery of extensions
2020-04-28 11:42:16,319 [main] INFO  org.mule.module.extension.internal.manager.DefaultExtensionManager - Discovered 1 extensions
2020-04-28 11:42:16,319 [main] INFO  org.mule.module.extension.internal.manager.DefaultExtensionManager - Registering extension validation (version 3.9)
2020-04-28 11:42:16,335 [main] INFO  org.mule.config.spring.MuleArtifactContext - Refreshing org.mule.config.spring.MuleArtifactContext@67bf0480: startup date [Tue Apr 28 11:42:16 EDT 2020]; root of context hierarchy
2020-04-28 11:42:17,068 [main] INFO  org.mule.config.spring.processors.NoDevkitInjectorProcessor - JSR-330 'javax.inject.Inject' annotation found and supported for autowiring
2020-04-28 11:42:18,710 [main] WARN  org.mule.module.ognl.expression.OgnlExpressionEvaluator - OGNL module is deprecated and will be removed in Mule 4.0. Use MEL expressions instead.
2020-04-28 11:42:20,041 [main] INFO  org.mule.util.journal.TransactionJournal - Using files for tx logs C:\Users\evsanche\Documents\Evelyn\Courses\Mule3\Workspace\.mule\.\.mule\flights\queue-tx-log\tx1.log and C:\Users\evsanche\Documents\Evelyn\Courses\Mule3\Workspace\.mule\.\.mule\flights\queue-tx-log\tx2.log
2020-04-28 11:42:20,083 [main] INFO  org.mule.util.journal.TransactionJournal - Using files for tx logs C:\Users\evsanche\Documents\Evelyn\Courses\Mule3\Workspace\.mule\.\.mule\flights\queue-xa-tx-log\tx1.log and C:\Users\evsanche\Documents\Evelyn\Courses\Mule3\Workspace\.mule\.\.mule\flights\queue-xa-tx-log\tx2.log
2020-04-28 11:42:20,353 [main] INFO  org.mule.lifecycle.AbstractLifecycleManager - Initialising model: _muleSystemModel
2020-04-28 11:42:20,358 [main] INFO  org.mule.construct.FlowConstructLifecycleManager - Initialising flow: getUnitedFlightsFlow
2020-04-28 11:42:20,358 [main] INFO  org.mule.exception.DefaultMessagingExceptionStrategy - Initialising exception listener: org.mule.exception.DefaultMessagingExceptionStrategy@4c635edc
2020-04-28 11:42:20,436 [main] INFO  org.mule.processor.SedaStageLifecycleManager - Initialising service: getUnitedFlightsFlow.stage1
2020-04-28 11:42:21,398 [main] INFO  org.mule.api.security.tls.TlsProperties - Loading configuration file: tls-default.conf
2020-04-28 11:42:22,099 [main] INFO  org.mule.config.spring.SpringXmlConfigurationBuilder - Configured Mule using "org.mule.config.spring.SpringXmlConfigurationBuilder" with configuration resource(s): "[ConfigResource{resourceName='C:\Users\evsanche\Documents\Evelyn\Courses\Mule3\Workspace\.mule\apps\flights\global.xml'}, ConfigResource{resourceName='C:\Users\evsanche\Documents\Evelyn\Courses\Mule3\Workspace\.mule\apps\flights\implementation.xml'}]"
2020-04-28 11:42:22,099 [main] INFO  org.mule.config.builders.AutoConfigurationBuilder - Configured Mule using "org.mule.config.builders.AutoConfigurationBuilder" with configuration resource(s): "[ConfigResource{resourceName='C:\Users\evsanche\Documents\Evelyn\Courses\Mule3\Workspace\.mule\apps\flights\global.xml'}, ConfigResource{resourceName='C:\Users\evsanche\Documents\Evelyn\Courses\Mule3\Workspace\.mule\apps\flights\implementation.xml'}]"
2020-04-28 11:42:22,108 [main] INFO  com.mulesoft.module.policies.lifecyle.GateKeeper - GateKeeper Mode: DISABLED
2020-04-28 11:42:22,115 [main] INFO  org.mule.module.launcher.application.DefaultMuleApplication - 
++++++++++++++++++++++++++++++++++++++++++++++++++++++++++++
+ Starting app 'flights'                                   +
++++++++++++++++++++++++++++++++++++++++++++++++++++++++++++
2020-04-28 11:42:22,144 [main] INFO  org.mule.util.queue.QueueXaResourceManager - Starting ResourceManager
2020-04-28 11:42:22,144 [main] INFO  org.mule.util.queue.QueueXaResourceManager - Started ResourceManager
2020-04-28 11:42:22,258 [main] INFO  org.mule.module.http.internal.listener.DefaultHttpListenerConfig - Listening for requests on http://0.0.0.0:8081
2020-04-28 11:42:22,267 [main] INFO  org.mule.lifecycle.AbstractLifecycleManager - Starting model: _muleSystemModel
2020-04-28 11:42:22,270 [main] INFO  org.mule.construct.FlowConstructLifecycleManager - Starting flow: getUnitedFlightsFlow
2020-04-28 11:42:22,271 [main] INFO  org.mule.processor.SedaStageLifecycleManager - Starting service: getUnitedFlightsFlow.stage1
2020-04-28 11:42:22,678 [main] INFO  org.mule.module.management.agent.WrapperManagerAgent - This JVM hasn't been launched by the wrapper, the agent will not run.
2020-04-28 11:42:22,751 [main] INFO  org.mule.DefaultMuleContext - 
**********************************************************************
* Application: flights                                               *
* OS encoding: \, Mule encoding: UTF-8                               *
*                                                                    *
* Agents Running:                                                    *
*   Batch module default engine                                      *
*   JMX Agent                                                        *
*   Wrapper Manager                                                  *
**********************************************************************
2020-04-28 12:06:07,228 [main] INFO  org.mule.module.launcher.application.DefaultMuleApplication - 
++++++++++++++++++++++++++++++++++++++++++++++++++++++++++++
+ Initializing app 'flights-mod07'                         +
++++++++++++++++++++++++++++++++++++++++++++++++++++++++++++
2020-04-28 12:06:07,256 [main] INFO  org.mule.lifecycle.AbstractLifecycleManager - Initialising RegistryBroker
2020-04-28 12:06:07,281 [main] INFO  org.mule.module.extension.internal.manager.DefaultExtensionManager - Starting discovery of extensions
2020-04-28 12:06:07,350 [main] INFO  org.mule.module.extension.internal.manager.DefaultExtensionManager - Discovered 1 extensions
2020-04-28 12:06:07,351 [main] INFO  org.mule.module.extension.internal.manager.DefaultExtensionManager - Registering extension validation (version 3.9)
2020-04-28 12:06:07,364 [main] INFO  org.mule.config.spring.MuleArtifactContext - Refreshing org.mule.config.spring.MuleArtifactContext@25ea3a5f: startup date [Tue Apr 28 12:06:07 EDT 2020]; parent: org.mule.config.spring.MuleDomainContext@f73dcd6
2020-04-28 12:06:08,920 [main] INFO  org.mule.config.spring.processors.NoDevkitInjectorProcessor - JSR-330 'javax.inject.Inject' annotation found and supported for autowiring
2020-04-28 12:06:09,940 [main] INFO  org.mule.util.journal.TransactionJournal - Using files for tx logs C:\Users\evsanche\Documents\Evelyn\Courses\Mule3\Workspace\.mule\.\.mule\flights-mod07\queue-tx-log\tx1.log and C:\Users\evsanche\Documents\Evelyn\Courses\Mule3\Workspace\.mule\.\.mule\flights-mod07\queue-tx-log\tx2.log
2020-04-28 12:06:10,016 [main] INFO  org.mule.util.journal.TransactionJournal - Using files for tx logs C:\Users\evsanche\Documents\Evelyn\Courses\Mule3\Workspace\.mule\.\.mule\flights-mod07\queue-xa-tx-log\tx1.log and C:\Users\evsanche\Documents\Evelyn\Courses\Mule3\Workspace\.mule\.\.mule\flights-mod07\queue-xa-tx-log\tx2.log
2020-04-28 12:06:10,122 [main] INFO  org.mule.lifecycle.AbstractLifecycleManager - Initialising model: _muleSystemModel
2020-04-28 12:06:10,125 [main] INFO  org.mule.construct.FlowConstructLifecycleManager - Initialising flow: getUnitedFlightsFlow
2020-04-28 12:06:10,125 [main] INFO  org.mule.exception.DefaultMessagingExceptionStrategy - Initialising exception listener: org.mule.exception.DefaultMessagingExceptionStrategy@6cd8aee2
2020-04-28 12:06:10,183 [main] INFO  org.mule.processor.SedaStageLifecycleManager - Initialising service: getUnitedFlightsFlow.stage1
2020-04-28 12:06:10,372 [main] INFO  org.mule.api.security.tls.TlsProperties - Loading configuration file: tls-default.conf
2020-04-28 12:06:10,398 [main] INFO  org.mule.config.spring.SpringXmlConfigurationBuilder - Configured Mule using "org.mule.config.spring.SpringXmlConfigurationBuilder" with configuration resource(s): "[ConfigResource{resourceName='C:\Users\evsanche\Documents\Evelyn\Courses\Mule3\Workspace\.mule\apps\flights-mod07\global.xml'}, ConfigResource{resourceName='C:\Users\evsanche\Documents\Evelyn\Courses\Mule3\Workspace\.mule\apps\flights-mod07\implementation.xml'}]"
2020-04-28 12:06:10,399 [main] INFO  org.mule.config.builders.AutoConfigurationBuilder - Configured Mule using "org.mule.config.builders.AutoConfigurationBuilder" with configuration resource(s): "[ConfigResource{resourceName='C:\Users\evsanche\Documents\Evelyn\Courses\Mule3\Workspace\.mule\apps\flights-mod07\global.xml'}, ConfigResource{resourceName='C:\Users\evsanche\Documents\Evelyn\Courses\Mule3\Workspace\.mule\apps\flights-mod07\implementation.xml'}]"
2020-04-28 12:06:10,402 [main] INFO  org.mule.module.launcher.application.DefaultMuleApplication - 
++++++++++++++++++++++++++++++++++++++++++++++++++++++++++++
+ Starting app 'flights-mod07'                             +
++++++++++++++++++++++++++++++++++++++++++++++++++++++++++++
2020-04-28 12:06:10,530 [main] INFO  org.mule.util.queue.QueueXaResourceManager - Starting ResourceManager
2020-04-28 12:06:10,530 [main] INFO  org.mule.util.queue.QueueXaResourceManager - Started ResourceManager
2020-04-28 12:06:10,577 [main] INFO  org.mule.lifecycle.AbstractLifecycleManager - Starting model: _muleSystemModel
2020-04-28 12:06:10,581 [main] INFO  org.mule.construct.FlowConstructLifecycleManager - Starting flow: getUnitedFlightsFlow
2020-04-28 12:06:10,581 [main] INFO  org.mule.processor.SedaStageLifecycleManager - Starting service: getUnitedFlightsFlow.stage1
2020-04-28 12:06:10,709 [main] INFO  org.mule.DefaultMuleContext - 
**********************************************************************
* Application: flights-mod07                                         *
* OS encoding: \, Mule encoding: UTF-8                               *
*                                                                    *
* Agents Running:                                                    *
*   Batch module default engine                                      *
*   JMX Agent                                                        *
*   JMX Agent                                                        *
*   Wrapper Manager                                                  *
**********************************************************************
