INFO  2020-04-28 11:42:03,822 [main] org.mule.module.launcher.domain.DefaultMuleDomain: 
++++++++++++++++++++++++++++++++++++++++++++++++++++++++++++
+ New domain 'reservations'                                +
++++++++++++++++++++++++++++++++++++++++++++++++++++++++++++
INFO  2020-04-28 11:42:03,825 [main] org.mule.module.launcher.domain.DefaultMuleDomain: 
++++++++++++++++++++++++++++++++++++++++++++++++++++++++++++
+ Initializing domain 'reservations'                       +
++++++++++++++++++++++++++++++++++++++++++++++++++++++++++++
INFO  2020-04-28 11:42:04,809 [main] org.mule.lifecycle.AbstractLifecycleManager: Initialising RegistryBroker
INFO  2020-04-28 11:42:05,433 [main] org.mule.config.spring.MuleDomainContext: Refreshing org.mule.config.spring.MuleDomainContext@dcfda20: startup date [Tue Apr 28 11:42:05 EDT 2020]; root of context hierarchy
WARN  2020-04-28 11:42:07,714 [main] org.springframework.beans.factory.xml.XmlBeanDefinitionReader: Ignored XML validation warning
org.xml.sax.SAXParseException: SchemaLocation: schemaLocation value = ' http://www.mulesoft.org/schema/mule/http http://www.mulesoft.org/schema/mule/http/current/mule-http.xsd                 http://www.mulesoft.org/schema/mule/core http://www.mulesoft.org/schema/mule/core/current/mule.xsd                http://www.springframework.org/schema/beans http://www.springframework.org/schema/beans/spring-beans-current.xsd                http://www.mulesoft.org/schema/mule/ee/domain http://www.mulesoft.org/schema/mule/ee/domain/current/mule-domain-ee.xsd                http://www.mulesoft.org/schema/mule/core http://www.mulesoft.org/schema/mule/core/current/mule.xsd       http://www.mulesoft.org/schema/mule/http http://www.mulesoft.org/schema/mule/http/current/mule-http.xsd       http://www.mulesoft.org/schema/mule/apikit http://www.mulesoft.org/schema/mule/apikit/current/mule-apikit.xsd       http://www.springframework.org/schema/beans http://www.springframework.org/schema/beans/spring-beans-3.1.xsdhttp://www.springframework.org/schema/beans http://www.springframework.org/schema/beans/spring-beans-current.xsd http://www.mulesoft.org/schema/mule/core http://www.mulesoft.org/schema/mule/core/current/mule.xsd http://www.mulesoft.org/schema/mule/http http://www.mulesoft.org/schema/mule/http/current/mule-http.xsd http://www.springframework.org/schema/context http://www.springframework.org/schema/context/spring-context-current.xsd' must have even number of URI's.
	at com.sun.org.apache.xerces.internal.util.ErrorHandlerWrapper.createSAXParseException(Unknown Source) ~[?:1.8.0_241]
	at com.sun.org.apache.xerces.internal.util.ErrorHandlerWrapper.warning(Unknown Source) ~[?:1.8.0_241]
	at com.sun.org.apache.xerces.internal.impl.XMLErrorReporter.reportError(Unknown Source) ~[?:1.8.0_241]
	at com.sun.org.apache.xerces.internal.impl.XMLErrorReporter.reportError(Unknown Source) ~[?:1.8.0_241]
	at com.sun.org.apache.xerces.internal.impl.XMLErrorReporter.reportError(Unknown Source) ~[?:1.8.0_241]
	at com.sun.org.apache.xerces.internal.impl.xs.XMLSchemaValidator$XSIErrorReporter.reportError(Unknown Source) ~[?:1.8.0_241]
	at com.sun.org.apache.xerces.internal.impl.xs.XMLSchemaValidator.storeLocations(Unknown Source) ~[?:1.8.0_241]
	at com.sun.org.apache.xerces.internal.impl.xs.XMLSchemaValidator.handleStartElement(Unknown Source) ~[?:1.8.0_241]
	at com.sun.org.apache.xerces.internal.impl.xs.XMLSchemaValidator.startElement(Unknown Source) ~[?:1.8.0_241]
	at com.sun.org.apache.xerces.internal.impl.XMLNSDocumentScannerImpl.scanStartElement(Unknown Source) ~[?:1.8.0_241]
	at com.sun.org.apache.xerces.internal.impl.XMLNSDocumentScannerImpl$NSContentDriver.scanRootElementHook(Unknown Source) ~[?:1.8.0_241]
	at com.sun.org.apache.xerces.internal.impl.XMLDocumentFragmentScannerImpl$FragmentContentDriver.next(Unknown Source) ~[?:1.8.0_241]
	at com.sun.org.apache.xerces.internal.impl.XMLDocumentScannerImpl$PrologDriver.next(Unknown Source) ~[?:1.8.0_241]
	at com.sun.org.apache.xerces.internal.impl.XMLDocumentScannerImpl.next(Unknown Source) ~[?:1.8.0_241]
	at com.sun.org.apache.xerces.internal.impl.XMLNSDocumentScannerImpl.next(Unknown Source) ~[?:1.8.0_241]
	at com.sun.org.apache.xerces.internal.impl.XMLDocumentFragmentScannerImpl.scanDocument(Unknown Source) ~[?:1.8.0_241]
	at com.sun.org.apache.xerces.internal.parsers.XML11Configuration.parse(Unknown Source) ~[?:1.8.0_241]
	at com.sun.org.apache.xerces.internal.parsers.XML11Configuration.parse(Unknown Source) ~[?:1.8.0_241]
	at com.sun.org.apache.xerces.internal.parsers.XMLParser.parse(Unknown Source) ~[?:1.8.0_241]
	at com.sun.org.apache.xerces.internal.parsers.DOMParser.parse(Unknown Source) ~[?:1.8.0_241]
	at com.sun.org.apache.xerces.internal.jaxp.DocumentBuilderImpl.parse(Unknown Source) ~[?:1.8.0_241]
	at org.springframework.beans.factory.xml.DefaultDocumentLoader.loadDocument(DefaultDocumentLoader.java:76) ~[spring-beans-4.3.25.RELEASE.jar:4.3.25.RELEASE]
	at org.mule.config.spring.MuleDocumentLoader.loadDocument(MuleDocumentLoader.java:91) ~[mule-module-spring-config-3.9.4.jar:3.9.4]
	at org.springframework.beans.factory.xml.XmlBeanDefinitionReader.doLoadDocument(XmlBeanDefinitionReader.java:429) ~[spring-beans-4.3.25.RELEASE.jar:4.3.25.RELEASE]
	at org.springframework.beans.factory.xml.XmlBeanDefinitionReader.doLoadBeanDefinitions(XmlBeanDefinitionReader.java:391) ~[spring-beans-4.3.25.RELEASE.jar:4.3.25.RELEASE]
	at org.springframework.beans.factory.xml.XmlBeanDefinitionReader.loadBeanDefinitions(XmlBeanDefinitionReader.java:336) ~[spring-beans-4.3.25.RELEASE.jar:4.3.25.RELEASE]
	at org.springframework.beans.factory.xml.XmlBeanDefinitionReader.loadBeanDefinitions(XmlBeanDefinitionReader.java:304) ~[spring-beans-4.3.25.RELEASE.jar:4.3.25.RELEASE]
	at org.springframework.beans.factory.support.AbstractBeanDefinitionReader.loadBeanDefinitions(AbstractBeanDefinitionReader.java:181) ~[spring-beans-4.3.25.RELEASE.jar:4.3.25.RELEASE]
	at org.mule.config.spring.MuleArtifactContext.loadBeanDefinitions(MuleArtifactContext.java:199) ~[mule-module-spring-config-3.9.4.jar:3.9.4]
	at org.springframework.context.support.AbstractRefreshableApplicationContext.refreshBeanFactory(AbstractRefreshableApplicationContext.java:129) ~[spring-context-4.3.25.RELEASE.jar:4.3.25.RELEASE]
	at org.springframework.context.support.AbstractApplicationContext.obtainFreshBeanFactory(AbstractApplicationContext.java:614) ~[spring-context-4.3.25.RELEASE.jar:4.3.25.RELEASE]
	at org.springframework.context.support.AbstractApplicationContext.refresh(AbstractApplicationContext.java:514) ~[spring-context-4.3.25.RELEASE.jar:4.3.25.RELEASE]
	at org.mule.config.spring.SpringRegistry.doInitialise(SpringRegistry.java:108) ~[mule-module-spring-config-3.9.4.jar:3.9.4]
	at org.mule.registry.AbstractRegistry.initialise(AbstractRegistry.java:104) ~[mule-core-3.9.4.jar:3.9.4]
	at org.mule.config.spring.SpringXmlConfigurationBuilder.createSpringRegistry(SpringXmlConfigurationBuilder.java:177) ~[mule-module-spring-config-3.9.4.jar:3.9.4]
	at org.mule.config.spring.SpringXmlConfigurationBuilder.doConfigure(SpringXmlConfigurationBuilder.java:100) ~[mule-module-spring-config-3.9.4.jar:3.9.4]
	at org.mule.config.builders.AbstractConfigurationBuilder.configure(AbstractConfigurationBuilder.java:43) ~[mule-core-3.9.4.jar:3.9.4]
	at org.mule.config.builders.AbstractResourceConfigurationBuilder.configure(AbstractResourceConfigurationBuilder.java:69) ~[mule-core-3.9.4.jar:3.9.4]
	at org.mule.context.DefaultMuleContextFactory$1.configure(DefaultMuleContextFactory.java:89) ~[mule-core-3.9.4.jar:3.9.4]
	at org.mule.context.DefaultMuleContextFactory.doCreateMuleContext(DefaultMuleContextFactory.java:222) ~[mule-core-3.9.4.jar:3.9.4]
	at org.mule.context.DefaultMuleContextFactory.createMuleContext(DefaultMuleContextFactory.java:81) ~[mule-core-3.9.4.jar:3.9.4]
	at org.mule.module.launcher.domain.DefaultMuleDomain.init(DefaultMuleDomain.java:197) ~[mule-module-launcher-3.9.4.jar:3.9.4]
	at org.mule.module.launcher.artifact.ArtifactWrapper$2.execute(ArtifactWrapper.java:64) ~[mule-module-launcher-3.9.4.jar:3.9.4]
	at org.mule.module.launcher.artifact.ArtifactWrapper.executeWithinArtifactClassLoader(ArtifactWrapper.java:137) ~[mule-module-launcher-3.9.4.jar:3.9.4]
	at org.mule.module.launcher.artifact.ArtifactWrapper.init(ArtifactWrapper.java:59) ~[mule-module-launcher-3.9.4.jar:3.9.4]
	at org.mule.module.launcher.DefaultArtifactDeployer.deploy(DefaultArtifactDeployer.java:70) ~[mule-module-launcher-3.9.4.jar:3.9.4]
	at org.mule.module.launcher.DefaultArchiveDeployer.deployArtifact(DefaultArchiveDeployer.java:550) ~[mule-module-launcher-3.9.4.jar:3.9.4]
	at org.mule.module.launcher.DefaultArchiveDeployer.deployArtifact(DefaultArchiveDeployer.java:328) ~[mule-module-launcher-3.9.4.jar:3.9.4]
	at org.mule.module.launcher.DefaultArchiveDeployer.deployPackagedArtifact(DefaultArchiveDeployer.java:188) ~[mule-module-launcher-3.9.4.jar:3.9.4]
	at org.mule.module.launcher.DefaultArchiveDeployer.deployPackagedArtifact(DefaultArchiveDeployer.java:277) ~[mule-module-launcher-3.9.4.jar:3.9.4]
	at org.mule.module.launcher.DefaultArchiveDeployer.deployPackagedArtifact(DefaultArchiveDeployer.java:83) ~[mule-module-launcher-3.9.4.jar:3.9.4]
	at org.mule.module.launcher.DomainArchiveDeployer.deployPackagedArtifact(DomainArchiveDeployer.java:63) ~[mule-module-launcher-3.9.4.jar:3.9.4]
	at org.mule.module.launcher.DomainArchiveDeployer.deployPackagedArtifact(DomainArchiveDeployer.java:43) ~[mule-module-launcher-3.9.4.jar:3.9.4]
	at org.mule.module.launcher.DeploymentDirectoryWatcher.deployPackedDomains(DeploymentDirectoryWatcher.java:495) ~[mule-module-launcher-3.9.4.jar:3.9.4]
	at org.mule.module.launcher.DeploymentDirectoryWatcher.start(DeploymentDirectoryWatcher.java:148) ~[mule-module-launcher-3.9.4.jar:3.9.4]
	at org.mule.module.launcher.MuleDeploymentService.start(MuleDeploymentService.java:137) ~[mule-module-launcher-3.9.4.jar:3.9.4]
	at org.mule.module.launcher.MuleContainer.start(MuleContainer.java:172) ~[mule-module-launcher-3.9.4.jar:3.9.4]
	at org.mule.tooling.server.application.ApplicationDeployer.main(ApplicationDeployer.java:15) ~[tooling-support-3.9.4.jar:?]
INFO  2020-04-28 11:42:09,353 [main] org.mule.config.spring.processors.ContextExclusiveInjectorProcessor: JSR-330 'javax.inject.Inject' annotation found and supported for autowiring
WARN  2020-04-28 11:42:10,397 [main] org.mule.config.spring.MuleDomainContext: Exception encountered during context initialization - cancelling refresh attempt: org.springframework.beans.factory.BeanCreationException: Error creating bean with name 'accounts-api-httpListenerConfig': Initialization of bean failed; nested exception is org.springframework.beans.TypeMismatchException: Failed to convert property value of type 'java.lang.String' to required type 'int' for property 'port'; nested exception is java.lang.NumberFormatException: For input string: "${http.port}"
INFO  2020-04-28 11:42:10,431 [main] org.mule.lifecycle.AbstractLifecycleManager: Disposing RegistryBroker
ERROR 2020-04-28 11:42:10,508 [main] org.mule.config.spring.SpringRegistry: Failed to shut down registry cleanly: org.mule.Registry.Spring
org.mule.api.lifecycle.LifecycleException: Failed to lookup beans of type interface org.mule.api.config.Config from the Spring registry
	at org.mule.lifecycle.AbstractLifecycleManager.invokePhase(AbstractLifecycleManager.java:164) ~[mule-core-3.9.4.jar:3.9.4]
	at org.mule.lifecycle.RegistryLifecycleManager.fireLifecycle(RegistryLifecycleManager.java:134) ~[mule-core-3.9.4.jar:3.9.4]
	at org.mule.registry.AbstractRegistry.dispose(AbstractRegistry.java:68) ~[mule-core-3.9.4.jar:3.9.4]
	at org.mule.registry.AbstractRegistryBroker$2.onTransition(AbstractRegistryBroker.java:69) ~[mule-core-3.9.4.jar:3.9.4]
	at org.mule.registry.AbstractRegistryBroker$2.onTransition(AbstractRegistryBroker.java:64) ~[mule-core-3.9.4.jar:3.9.4]
	at org.mule.lifecycle.AbstractLifecycleManager.invokePhase(AbstractLifecycleManager.java:146) ~[mule-core-3.9.4.jar:3.9.4]
	at org.mule.lifecycle.RegistryBrokerLifecycleManager.fireDisposePhase(RegistryBrokerLifecycleManager.java:82) ~[mule-core-3.9.4.jar:3.9.4]
	at org.mule.registry.AbstractRegistryBroker.dispose(AbstractRegistryBroker.java:63) ~[mule-core-3.9.4.jar:3.9.4]
	at org.mule.registry.MuleRegistryHelper.fireLifecycle(MuleRegistryHelper.java:140) ~[mule-core-3.9.4.jar:3.9.4]
	at org.mule.lifecycle.MuleContextLifecycleManager$MuleContextLifecycleCallback.onTransition(MuleContextLifecycleManager.java:74) ~[mule-core-3.9.4.jar:3.9.4]
	at org.mule.lifecycle.MuleContextLifecycleManager$MuleContextLifecycleCallback.onTransition(MuleContextLifecycleManager.java:70) ~[mule-core-3.9.4.jar:3.9.4]
	at org.mule.lifecycle.AbstractLifecycleManager.invokePhase(AbstractLifecycleManager.java:146) ~[mule-core-3.9.4.jar:3.9.4]
	at org.mule.lifecycle.MuleContextLifecycleManager.fireLifecycle(MuleContextLifecycleManager.java:62) ~[mule-core-3.9.4.jar:3.9.4]
	at org.mule.DefaultMuleContext.dispose(DefaultMuleContext.java:452) ~[mule-core-3.9.4.jar:3.9.4]
	at org.mule.context.DefaultMuleContextFactory.doCreateMuleContext(DefaultMuleContextFactory.java:230) ~[mule-core-3.9.4.jar:3.9.4]
	at org.mule.context.DefaultMuleContextFactory.createMuleContext(DefaultMuleContextFactory.java:81) ~[mule-core-3.9.4.jar:3.9.4]
	at org.mule.module.launcher.domain.DefaultMuleDomain.init(DefaultMuleDomain.java:197) ~[mule-module-launcher-3.9.4.jar:3.9.4]
	at org.mule.module.launcher.artifact.ArtifactWrapper$2.execute(ArtifactWrapper.java:64) ~[mule-module-launcher-3.9.4.jar:3.9.4]
	at org.mule.module.launcher.artifact.ArtifactWrapper.executeWithinArtifactClassLoader(ArtifactWrapper.java:137) ~[mule-module-launcher-3.9.4.jar:3.9.4]
	at org.mule.module.launcher.artifact.ArtifactWrapper.init(ArtifactWrapper.java:59) ~[mule-module-launcher-3.9.4.jar:3.9.4]
	at org.mule.module.launcher.DefaultArtifactDeployer.deploy(DefaultArtifactDeployer.java:70) ~[mule-module-launcher-3.9.4.jar:3.9.4]
	at org.mule.module.launcher.DefaultArchiveDeployer.deployArtifact(DefaultArchiveDeployer.java:550) ~[mule-module-launcher-3.9.4.jar:3.9.4]
	at org.mule.module.launcher.DefaultArchiveDeployer.deployArtifact(DefaultArchiveDeployer.java:328) ~[mule-module-launcher-3.9.4.jar:3.9.4]
	at org.mule.module.launcher.DefaultArchiveDeployer.deployPackagedArtifact(DefaultArchiveDeployer.java:188) ~[mule-module-launcher-3.9.4.jar:3.9.4]
	at org.mule.module.launcher.DefaultArchiveDeployer.deployPackagedArtifact(DefaultArchiveDeployer.java:277) ~[mule-module-launcher-3.9.4.jar:3.9.4]
	at org.mule.module.launcher.DefaultArchiveDeployer.deployPackagedArtifact(DefaultArchiveDeployer.java:83) ~[mule-module-launcher-3.9.4.jar:3.9.4]
	at org.mule.module.launcher.DomainArchiveDeployer.deployPackagedArtifact(DomainArchiveDeployer.java:63) ~[mule-module-launcher-3.9.4.jar:3.9.4]
	at org.mule.module.launcher.DomainArchiveDeployer.deployPackagedArtifact(DomainArchiveDeployer.java:43) ~[mule-module-launcher-3.9.4.jar:3.9.4]
	at org.mule.module.launcher.DeploymentDirectoryWatcher.deployPackedDomains(DeploymentDirectoryWatcher.java:495) ~[mule-module-launcher-3.9.4.jar:3.9.4]
	at org.mule.module.launcher.DeploymentDirectoryWatcher.start(DeploymentDirectoryWatcher.java:148) ~[mule-module-launcher-3.9.4.jar:3.9.4]
	at org.mule.module.launcher.MuleDeploymentService.start(MuleDeploymentService.java:137) ~[mule-module-launcher-3.9.4.jar:3.9.4]
	at org.mule.module.launcher.MuleContainer.start(MuleContainer.java:172) ~[mule-module-launcher-3.9.4.jar:3.9.4]
	at org.mule.tooling.server.application.ApplicationDeployer.main(ApplicationDeployer.java:15) ~[tooling-support-3.9.4.jar:?]
Caused by: org.mule.api.MuleRuntimeException: Failed to lookup beans of type interface org.mule.api.config.Config from the Spring registry
	at org.mule.config.spring.SpringRegistry.internalLookupByTypeWithoutAncestors(SpringRegistry.java:364) ~[mule-module-spring-config-3.9.4.jar:3.9.4]
	at org.mule.config.spring.SpringRegistry.lookupEntriesForLifecycle(SpringRegistry.java:378) ~[mule-module-spring-config-3.9.4.jar:3.9.4]
	at org.mule.config.spring.SpringRegistry.lookupObjectsForLifecycle(SpringRegistry.java:251) ~[mule-module-spring-config-3.9.4.jar:3.9.4]
	at org.mule.lifecycle.RegistryLifecycleCallback.lookupObjectsForLifecycle(RegistryLifecycleCallback.java:155) ~[mule-core-3.9.4.jar:3.9.4]
	at org.mule.lifecycle.RegistryLifecycleCallback.onTransition(RegistryLifecycleCallback.java:77) ~[mule-core-3.9.4.jar:3.9.4]
	at org.mule.lifecycle.AbstractLifecycleManager.invokePhase(AbstractLifecycleManager.java:146) ~[mule-core-3.9.4.jar:3.9.4]
	... 32 more
Caused by: org.springframework.beans.factory.BeanCreationException: Error creating bean with name 'accounts-api-httpListenerConfig': Initialization of bean failed; nested exception is org.springframework.beans.TypeMismatchException: Failed to convert property value of type 'java.lang.String' to required type 'int' for property 'port'; nested exception is java.lang.NumberFormatException: For input string: "${http.port}"
	at org.springframework.beans.factory.support.AbstractAutowireCapableBeanFactory.doCreateBean(AbstractAutowireCapableBeanFactory.java:562) ~[spring-beans-4.3.25.RELEASE.jar:4.3.25.RELEASE]
	at org.springframework.beans.factory.support.AbstractAutowireCapableBeanFactory.createBean(AbstractAutowireCapableBeanFactory.java:481) ~[spring-beans-4.3.25.RELEASE.jar:4.3.25.RELEASE]
	at org.springframework.beans.factory.support.AbstractBeanFactory$1.getObject(AbstractBeanFactory.java:312) ~[spring-beans-4.3.25.RELEASE.jar:4.3.25.RELEASE]
	at org.springframework.beans.factory.support.DefaultSingletonBeanRegistry.getSingleton(DefaultSingletonBeanRegistry.java:230) ~[spring-beans-4.3.25.RELEASE.jar:4.3.25.RELEASE]
	at org.springframework.beans.factory.support.AbstractBeanFactory.doGetBean(AbstractBeanFactory.java:308) ~[spring-beans-4.3.25.RELEASE.jar:4.3.25.RELEASE]
	at org.springframework.beans.factory.support.AbstractBeanFactory.getBean(AbstractBeanFactory.java:202) ~[spring-beans-4.3.25.RELEASE.jar:4.3.25.RELEASE]
	at org.springframework.beans.factory.support.DefaultListableBeanFactory.getBeansOfType(DefaultListableBeanFactory.java:519) ~[spring-beans-4.3.25.RELEASE.jar:4.3.25.RELEASE]
	at org.springframework.context.support.AbstractApplicationContext.getBeansOfType(AbstractApplicationContext.java:1198) ~[spring-context-4.3.25.RELEASE.jar:4.3.25.RELEASE]
	at org.mule.config.spring.SpringRegistry.internalLookupByTypeWithoutAncestors(SpringRegistry.java:358) ~[mule-module-spring-config-3.9.4.jar:3.9.4]
	at org.mule.config.spring.SpringRegistry.lookupEntriesForLifecycle(SpringRegistry.java:378) ~[mule-module-spring-config-3.9.4.jar:3.9.4]
	at org.mule.config.spring.SpringRegistry.lookupObjectsForLifecycle(SpringRegistry.java:251) ~[mule-module-spring-config-3.9.4.jar:3.9.4]
	at org.mule.lifecycle.RegistryLifecycleCallback.lookupObjectsForLifecycle(RegistryLifecycleCallback.java:155) ~[mule-core-3.9.4.jar:3.9.4]
	at org.mule.lifecycle.RegistryLifecycleCallback.onTransition(RegistryLifecycleCallback.java:77) ~[mule-core-3.9.4.jar:3.9.4]
	at org.mule.lifecycle.AbstractLifecycleManager.invokePhase(AbstractLifecycleManager.java:146) ~[mule-core-3.9.4.jar:3.9.4]
	... 32 more
Caused by: org.springframework.beans.TypeMismatchException: Failed to convert property value of type 'java.lang.String' to required type 'int' for property 'port'; nested exception is java.lang.NumberFormatException: For input string: "${http.port}"
	at org.springframework.beans.AbstractNestablePropertyAccessor.convertIfNecessary(AbstractNestablePropertyAccessor.java:608) ~[spring-beans-4.3.25.RELEASE.jar:4.3.25.RELEASE]
	at org.springframework.beans.AbstractNestablePropertyAccessor.convertForProperty(AbstractNestablePropertyAccessor.java:615) ~[spring-beans-4.3.25.RELEASE.jar:4.3.25.RELEASE]
	at org.springframework.beans.BeanWrapperImpl.convertForProperty(BeanWrapperImpl.java:216) ~[spring-beans-4.3.25.RELEASE.jar:4.3.25.RELEASE]
	at org.springframework.beans.factory.support.AbstractAutowireCapableBeanFactory.convertForProperty(AbstractAutowireCapableBeanFactory.java:1579) ~[spring-beans-4.3.25.RELEASE.jar:4.3.25.RELEASE]
	at org.springframework.beans.factory.support.AbstractAutowireCapableBeanFactory.applyPropertyValues(AbstractAutowireCapableBeanFactory.java:1538) ~[spring-beans-4.3.25.RELEASE.jar:4.3.25.RELEASE]
	at org.springframework.beans.factory.support.AbstractAutowireCapableBeanFactory.populateBean(AbstractAutowireCapableBeanFactory.java:1280) ~[spring-beans-4.3.25.RELEASE.jar:4.3.25.RELEASE]
	at org.springframework.beans.factory.support.AbstractAutowireCapableBeanFactory.doCreateBean(AbstractAutowireCapableBeanFactory.java:551) ~[spring-beans-4.3.25.RELEASE.jar:4.3.25.RELEASE]
	at org.springframework.beans.factory.support.AbstractAutowireCapableBeanFactory.createBean(AbstractAutowireCapableBeanFactory.java:481) ~[spring-beans-4.3.25.RELEASE.jar:4.3.25.RELEASE]
	at org.springframework.beans.factory.support.AbstractBeanFactory$1.getObject(AbstractBeanFactory.java:312) ~[spring-beans-4.3.25.RELEASE.jar:4.3.25.RELEASE]
	at org.springframework.beans.factory.support.DefaultSingletonBeanRegistry.getSingleton(DefaultSingletonBeanRegistry.java:230) ~[spring-beans-4.3.25.RELEASE.jar:4.3.25.RELEASE]
	at org.springframework.beans.factory.support.AbstractBeanFactory.doGetBean(AbstractBeanFactory.java:308) ~[spring-beans-4.3.25.RELEASE.jar:4.3.25.RELEASE]
	at org.springframework.beans.factory.support.AbstractBeanFactory.getBean(AbstractBeanFactory.java:202) ~[spring-beans-4.3.25.RELEASE.jar:4.3.25.RELEASE]
	at org.springframework.beans.factory.support.DefaultListableBeanFactory.getBeansOfType(DefaultListableBeanFactory.java:519) ~[spring-beans-4.3.25.RELEASE.jar:4.3.25.RELEASE]
	at org.springframework.context.support.AbstractApplicationContext.getBeansOfType(AbstractApplicationContext.java:1198) ~[spring-context-4.3.25.RELEASE.jar:4.3.25.RELEASE]
	at org.mule.config.spring.SpringRegistry.internalLookupByTypeWithoutAncestors(SpringRegistry.java:358) ~[mule-module-spring-config-3.9.4.jar:3.9.4]
	at org.mule.config.spring.SpringRegistry.lookupEntriesForLifecycle(SpringRegistry.java:378) ~[mule-module-spring-config-3.9.4.jar:3.9.4]
	at org.mule.config.spring.SpringRegistry.lookupObjectsForLifecycle(SpringRegistry.java:251) ~[mule-module-spring-config-3.9.4.jar:3.9.4]
	at org.mule.lifecycle.RegistryLifecycleCallback.lookupObjectsForLifecycle(RegistryLifecycleCallback.java:155) ~[mule-core-3.9.4.jar:3.9.4]
	at org.mule.lifecycle.RegistryLifecycleCallback.onTransition(RegistryLifecycleCallback.java:77) ~[mule-core-3.9.4.jar:3.9.4]
	at org.mule.lifecycle.AbstractLifecycleManager.invokePhase(AbstractLifecycleManager.java:146) ~[mule-core-3.9.4.jar:3.9.4]
	... 32 more
Caused by: java.lang.NumberFormatException: For input string: "${http.port}"
	at java.lang.NumberFormatException.forInputString(Unknown Source) ~[?:1.8.0_241]
	at java.lang.Integer.parseInt(Unknown Source) ~[?:1.8.0_241]
	at java.lang.Integer.valueOf(Unknown Source) ~[?:1.8.0_241]
	at org.springframework.util.NumberUtils.parseNumber(NumberUtils.java:208) ~[spring-core-4.3.25.RELEASE.jar:4.3.25.RELEASE]
	at org.springframework.beans.propertyeditors.CustomNumberEditor.setAsText(CustomNumberEditor.java:113) ~[spring-beans-4.3.25.RELEASE.jar:4.3.25.RELEASE]
	at org.springframework.beans.TypeConverterDelegate.doConvertTextValue(TypeConverterDelegate.java:470) ~[spring-beans-4.3.25.RELEASE.jar:4.3.25.RELEASE]
	at org.springframework.beans.TypeConverterDelegate.doConvertValue(TypeConverterDelegate.java:443) ~[spring-beans-4.3.25.RELEASE.jar:4.3.25.RELEASE]
	at org.springframework.beans.TypeConverterDelegate.convertIfNecessary(TypeConverterDelegate.java:200) ~[spring-beans-4.3.25.RELEASE.jar:4.3.25.RELEASE]
	at org.springframework.beans.AbstractNestablePropertyAccessor.convertIfNecessary(AbstractNestablePropertyAccessor.java:588) ~[spring-beans-4.3.25.RELEASE.jar:4.3.25.RELEASE]
	at org.springframework.beans.AbstractNestablePropertyAccessor.convertForProperty(AbstractNestablePropertyAccessor.java:615) ~[spring-beans-4.3.25.RELEASE.jar:4.3.25.RELEASE]
	at org.springframework.beans.BeanWrapperImpl.convertForProperty(BeanWrapperImpl.java:216) ~[spring-beans-4.3.25.RELEASE.jar:4.3.25.RELEASE]
	at org.springframework.beans.factory.support.AbstractAutowireCapableBeanFactory.convertForProperty(AbstractAutowireCapableBeanFactory.java:1579) ~[spring-beans-4.3.25.RELEASE.jar:4.3.25.RELEASE]
	at org.springframework.beans.factory.support.AbstractAutowireCapableBeanFactory.applyPropertyValues(AbstractAutowireCapableBeanFactory.java:1538) ~[spring-beans-4.3.25.RELEASE.jar:4.3.25.RELEASE]
	at org.springframework.beans.factory.support.AbstractAutowireCapableBeanFactory.populateBean(AbstractAutowireCapableBeanFactory.java:1280) ~[spring-beans-4.3.25.RELEASE.jar:4.3.25.RELEASE]
	at org.springframework.beans.factory.support.AbstractAutowireCapableBeanFactory.doCreateBean(AbstractAutowireCapableBeanFactory.java:551) ~[spring-beans-4.3.25.RELEASE.jar:4.3.25.RELEASE]
	at org.springframework.beans.factory.support.AbstractAutowireCapableBeanFactory.createBean(AbstractAutowireCapableBeanFactory.java:481) ~[spring-beans-4.3.25.RELEASE.jar:4.3.25.RELEASE]
	at org.springframework.beans.factory.support.AbstractBeanFactory$1.getObject(AbstractBeanFactory.java:312) ~[spring-beans-4.3.25.RELEASE.jar:4.3.25.RELEASE]
	at org.springframework.beans.factory.support.DefaultSingletonBeanRegistry.getSingleton(DefaultSingletonBeanRegistry.java:230) ~[spring-beans-4.3.25.RELEASE.jar:4.3.25.RELEASE]
	at org.springframework.beans.factory.support.AbstractBeanFactory.doGetBean(AbstractBeanFactory.java:308) ~[spring-beans-4.3.25.RELEASE.jar:4.3.25.RELEASE]
	at org.springframework.beans.factory.support.AbstractBeanFactory.getBean(AbstractBeanFactory.java:202) ~[spring-beans-4.3.25.RELEASE.jar:4.3.25.RELEASE]
	at org.springframework.beans.factory.support.DefaultListableBeanFactory.getBeansOfType(DefaultListableBeanFactory.java:519) ~[spring-beans-4.3.25.RELEASE.jar:4.3.25.RELEASE]
	at org.springframework.context.support.AbstractApplicationContext.getBeansOfType(AbstractApplicationContext.java:1198) ~[spring-context-4.3.25.RELEASE.jar:4.3.25.RELEASE]
	at org.mule.config.spring.SpringRegistry.internalLookupByTypeWithoutAncestors(SpringRegistry.java:358) ~[mule-module-spring-config-3.9.4.jar:3.9.4]
	at org.mule.config.spring.SpringRegistry.lookupEntriesForLifecycle(SpringRegistry.java:378) ~[mule-module-spring-config-3.9.4.jar:3.9.4]
	at org.mule.config.spring.SpringRegistry.lookupObjectsForLifecycle(SpringRegistry.java:251) ~[mule-module-spring-config-3.9.4.jar:3.9.4]
	at org.mule.lifecycle.RegistryLifecycleCallback.lookupObjectsForLifecycle(RegistryLifecycleCallback.java:155) ~[mule-core-3.9.4.jar:3.9.4]
	at org.mule.lifecycle.RegistryLifecycleCallback.onTransition(RegistryLifecycleCallback.java:77) ~[mule-core-3.9.4.jar:3.9.4]
	at org.mule.lifecycle.AbstractLifecycleManager.invokePhase(AbstractLifecycleManager.java:146) ~[mule-core-3.9.4.jar:3.9.4]
	... 32 more
ERROR 2020-04-28 11:42:10,530 [main] org.mule.module.launcher.domain.DefaultMuleDomain: null
java.lang.NumberFormatException: For input string: "${http.port}"
	at java.lang.NumberFormatException.forInputString(Unknown Source) ~[?:1.8.0_241]
	at java.lang.Integer.parseInt(Unknown Source) ~[?:1.8.0_241]
	at java.lang.Integer.valueOf(Unknown Source) ~[?:1.8.0_241]
	at org.springframework.util.NumberUtils.parseNumber(NumberUtils.java:208) ~[spring-core-4.3.25.RELEASE.jar:4.3.25.RELEASE]
	at org.springframework.beans.propertyeditors.CustomNumberEditor.setAsText(CustomNumberEditor.java:113) ~[spring-beans-4.3.25.RELEASE.jar:4.3.25.RELEASE]
	at org.springframework.beans.TypeConverterDelegate.doConvertTextValue(TypeConverterDelegate.java:470) ~[spring-beans-4.3.25.RELEASE.jar:4.3.25.RELEASE]
	at org.springframework.beans.TypeConverterDelegate.doConvertValue(TypeConverterDelegate.java:443) ~[spring-beans-4.3.25.RELEASE.jar:4.3.25.RELEASE]
	at org.springframework.beans.TypeConverterDelegate.convertIfNecessary(TypeConverterDelegate.java:200) ~[spring-beans-4.3.25.RELEASE.jar:4.3.25.RELEASE]
	at org.springframework.beans.AbstractNestablePropertyAccessor.convertIfNecessary(AbstractNestablePropertyAccessor.java:588) ~[spring-beans-4.3.25.RELEASE.jar:4.3.25.RELEASE]
	at org.springframework.beans.AbstractNestablePropertyAccessor.convertForProperty(AbstractNestablePropertyAccessor.java:615) ~[spring-beans-4.3.25.RELEASE.jar:4.3.25.RELEASE]
	at org.springframework.beans.BeanWrapperImpl.convertForProperty(BeanWrapperImpl.java:216) ~[spring-beans-4.3.25.RELEASE.jar:4.3.25.RELEASE]
	at org.springframework.beans.factory.support.AbstractAutowireCapableBeanFactory.convertForProperty(AbstractAutowireCapableBeanFactory.java:1579) ~[spring-beans-4.3.25.RELEASE.jar:4.3.25.RELEASE]
	at org.springframework.beans.factory.support.AbstractAutowireCapableBeanFactory.applyPropertyValues(AbstractAutowireCapableBeanFactory.java:1538) ~[spring-beans-4.3.25.RELEASE.jar:4.3.25.RELEASE]
	at org.springframework.beans.factory.support.AbstractAutowireCapableBeanFactory.populateBean(AbstractAutowireCapableBeanFactory.java:1280) ~[spring-beans-4.3.25.RELEASE.jar:4.3.25.RELEASE]
	at org.springframework.beans.factory.support.AbstractAutowireCapableBeanFactory.doCreateBean(AbstractAutowireCapableBeanFactory.java:551) ~[spring-beans-4.3.25.RELEASE.jar:4.3.25.RELEASE]
	at org.springframework.beans.factory.support.AbstractAutowireCapableBeanFactory.createBean(AbstractAutowireCapableBeanFactory.java:481) ~[spring-beans-4.3.25.RELEASE.jar:4.3.25.RELEASE]
	at org.springframework.beans.factory.support.AbstractBeanFactory$1.getObject(AbstractBeanFactory.java:312) ~[spring-beans-4.3.25.RELEASE.jar:4.3.25.RELEASE]
	at org.springframework.beans.factory.support.DefaultSingletonBeanRegistry.getSingleton(DefaultSingletonBeanRegistry.java:230) ~[spring-beans-4.3.25.RELEASE.jar:4.3.25.RELEASE]
	at org.springframework.beans.factory.support.AbstractBeanFactory.doGetBean(AbstractBeanFactory.java:308) ~[spring-beans-4.3.25.RELEASE.jar:4.3.25.RELEASE]
	at org.springframework.beans.factory.support.AbstractBeanFactory.getBean(AbstractBeanFactory.java:197) ~[spring-beans-4.3.25.RELEASE.jar:4.3.25.RELEASE]
	at org.springframework.beans.factory.support.DefaultListableBeanFactory.preInstantiateSingletons(DefaultListableBeanFactory.java:756) ~[spring-beans-4.3.25.RELEASE.jar:4.3.25.RELEASE]
	at org.springframework.context.support.AbstractApplicationContext.finishBeanFactoryInitialization(AbstractApplicationContext.java:867) ~[spring-context-4.3.25.RELEASE.jar:4.3.25.RELEASE]
	at org.springframework.context.support.AbstractApplicationContext.refresh(AbstractApplicationContext.java:542) ~[spring-context-4.3.25.RELEASE.jar:4.3.25.RELEASE]
	at org.mule.config.spring.SpringRegistry.doInitialise(SpringRegistry.java:108) ~[mule-module-spring-config-3.9.4.jar:3.9.4]
	at org.mule.registry.AbstractRegistry.initialise(AbstractRegistry.java:104) ~[mule-core-3.9.4.jar:3.9.4]
	at org.mule.config.spring.SpringXmlConfigurationBuilder.createSpringRegistry(SpringXmlConfigurationBuilder.java:177) ~[mule-module-spring-config-3.9.4.jar:3.9.4]
	at org.mule.config.spring.SpringXmlConfigurationBuilder.doConfigure(SpringXmlConfigurationBuilder.java:100) ~[mule-module-spring-config-3.9.4.jar:3.9.4]
	at org.mule.config.builders.AbstractConfigurationBuilder.configure(AbstractConfigurationBuilder.java:43) ~[mule-core-3.9.4.jar:3.9.4]
	at org.mule.config.builders.AbstractResourceConfigurationBuilder.configure(AbstractResourceConfigurationBuilder.java:69) ~[mule-core-3.9.4.jar:3.9.4]
	at org.mule.context.DefaultMuleContextFactory$1.configure(DefaultMuleContextFactory.java:89) ~[mule-core-3.9.4.jar:3.9.4]
	at org.mule.context.DefaultMuleContextFactory.doCreateMuleContext(DefaultMuleContextFactory.java:222) ~[mule-core-3.9.4.jar:3.9.4]
	at org.mule.context.DefaultMuleContextFactory.createMuleContext(DefaultMuleContextFactory.java:81) ~[mule-core-3.9.4.jar:3.9.4]
	at org.mule.module.launcher.domain.DefaultMuleDomain.init(DefaultMuleDomain.java:197) ~[mule-module-launcher-3.9.4.jar:3.9.4]
	at org.mule.module.launcher.artifact.ArtifactWrapper$2.execute(ArtifactWrapper.java:64) ~[mule-module-launcher-3.9.4.jar:3.9.4]
	at org.mule.module.launcher.artifact.ArtifactWrapper.executeWithinArtifactClassLoader(ArtifactWrapper.java:137) ~[mule-module-launcher-3.9.4.jar:3.9.4]
	at org.mule.module.launcher.artifact.ArtifactWrapper.init(ArtifactWrapper.java:59) ~[mule-module-launcher-3.9.4.jar:3.9.4]
	at org.mule.module.launcher.DefaultArtifactDeployer.deploy(DefaultArtifactDeployer.java:70) ~[mule-module-launcher-3.9.4.jar:3.9.4]
	at org.mule.module.launcher.DefaultArchiveDeployer.deployArtifact(DefaultArchiveDeployer.java:550) ~[mule-module-launcher-3.9.4.jar:3.9.4]
	at org.mule.module.launcher.DefaultArchiveDeployer.deployArtifact(DefaultArchiveDeployer.java:328) ~[mule-module-launcher-3.9.4.jar:3.9.4]
	at org.mule.module.launcher.DefaultArchiveDeployer.deployPackagedArtifact(DefaultArchiveDeployer.java:188) ~[mule-module-launcher-3.9.4.jar:3.9.4]
	at org.mule.module.launcher.DefaultArchiveDeployer.deployPackagedArtifact(DefaultArchiveDeployer.java:277) ~[mule-module-launcher-3.9.4.jar:3.9.4]
	at org.mule.module.launcher.DefaultArchiveDeployer.deployPackagedArtifact(DefaultArchiveDeployer.java:83) ~[mule-module-launcher-3.9.4.jar:3.9.4]
	at org.mule.module.launcher.DomainArchiveDeployer.deployPackagedArtifact(DomainArchiveDeployer.java:63) ~[mule-module-launcher-3.9.4.jar:3.9.4]
	at org.mule.module.launcher.DomainArchiveDeployer.deployPackagedArtifact(DomainArchiveDeployer.java:43) ~[mule-module-launcher-3.9.4.jar:3.9.4]
	at org.mule.module.launcher.DeploymentDirectoryWatcher.deployPackedDomains(DeploymentDirectoryWatcher.java:495) ~[mule-module-launcher-3.9.4.jar:3.9.4]
	at org.mule.module.launcher.DeploymentDirectoryWatcher.start(DeploymentDirectoryWatcher.java:148) ~[mule-module-launcher-3.9.4.jar:3.9.4]
	at org.mule.module.launcher.MuleDeploymentService.start(MuleDeploymentService.java:137) ~[mule-module-launcher-3.9.4.jar:3.9.4]
	at org.mule.module.launcher.MuleContainer.start(MuleContainer.java:172) ~[mule-module-launcher-3.9.4.jar:3.9.4]
	at org.mule.tooling.server.application.ApplicationDeployer.main(ApplicationDeployer.java:15) ~[tooling-support-3.9.4.jar:?]
INFO  2020-04-28 12:05:40,400 [main] org.mule.module.launcher.domain.DefaultMuleDomain: 
++++++++++++++++++++++++++++++++++++++++++++++++++++++++++++
+ New domain 'reservations'                                +
++++++++++++++++++++++++++++++++++++++++++++++++++++++++++++
INFO  2020-04-28 12:05:40,402 [main] org.mule.module.launcher.domain.DefaultMuleDomain: 
++++++++++++++++++++++++++++++++++++++++++++++++++++++++++++
+ Initializing domain 'reservations'                       +
++++++++++++++++++++++++++++++++++++++++++++++++++++++++++++
INFO  2020-04-28 12:05:41,306 [main] org.mule.lifecycle.AbstractLifecycleManager: Initialising RegistryBroker
INFO  2020-04-28 12:05:41,864 [main] org.mule.config.spring.MuleDomainContext: Refreshing org.mule.config.spring.MuleDomainContext@f73dcd6: startup date [Tue Apr 28 12:05:41 EDT 2020]; root of context hierarchy
INFO  2020-04-28 12:05:45,855 [main] org.mule.config.spring.processors.ContextExclusiveInjectorProcessor: JSR-330 'javax.inject.Inject' annotation found and supported for autowiring
INFO  2020-04-28 12:05:48,244 [main] org.mule.util.journal.TransactionJournal: Using files for tx logs C:\Users\evsanche\Documents\Evelyn\Courses\Mule3\Workspace\.mule\.\.mule\reservations\queue-tx-log\tx1.log and C:\Users\evsanche\Documents\Evelyn\Courses\Mule3\Workspace\.mule\.\.mule\reservations\queue-tx-log\tx2.log
INFO  2020-04-28 12:05:48,300 [main] org.mule.util.journal.TransactionJournal: Using files for tx logs C:\Users\evsanche\Documents\Evelyn\Courses\Mule3\Workspace\.mule\.\.mule\reservations\queue-xa-tx-log\tx1.log and C:\Users\evsanche\Documents\Evelyn\Courses\Mule3\Workspace\.mule\.\.mule\reservations\queue-xa-tx-log\tx2.log
INFO  2020-04-28 12:05:49,280 [main] org.mule.config.spring.SpringXmlDomainConfigurationBuilder: Configured Mule using "org.mule.config.spring.SpringXmlDomainConfigurationBuilder" with configuration resource(s): "[ConfigResource{resourceName='mule-domain-config.xml'}]"
INFO  2020-04-28 12:05:49,289 [main] org.mule.util.queue.QueueXaResourceManager: Starting ResourceManager
INFO  2020-04-28 12:05:49,289 [main] org.mule.util.queue.QueueXaResourceManager: Started ResourceManager
INFO  2020-04-28 12:05:49,497 [main] org.mule.module.http.internal.listener.DefaultHttpListenerConfig: Listening for requests on http://0.0.0.0:8081
INFO  2020-04-28 12:05:49,579 [main] org.mule.module.management.agent.WrapperManagerAgent: This JVM hasn't been launched by the wrapper, the agent will not run.
INFO  2020-04-28 12:05:49,605 [main] org.mule.DefaultMuleContext: 
**********************************************************************
* Application: reservations                                          *
* OS encoding: \, Mule encoding: UTF-8                               *
*                                                                    *
* Agents Running:                                                    *
*   JMX Agent                                                        *
*   Wrapper Manager                                                  *
**********************************************************************
